<?xml version="1.0" encoding="UTF-8"?>
<!-- Generated by org.testng.reporters.JUnitXMLReporter -->
<testsuite ignored="0" hostname="DESKTOP-BQVK5ID" failures="1" tests="2" name="chromeBrowserTest" time="17.094" errors="0" timestamp="2024-09-29T17:28:26 IST">
  <testcase classname="testcases.Tc001_verify_Account_Registration" name="verify_Account_Registration" time="10.039">
    <failure type="java.lang.AssertionError">
      <![CDATA[java.lang.AssertionError: 
at testcases.Tc001_verify_Account_Registration.verify_Account_Registration(Tc001_verify_Account_Registration.java:57)
at java.base/java.util.ArrayList.forEach(ArrayList.java:1596)
... Removed 28 stack frames]]>
    </failure>
  </testcase> <!-- verify_Account_Registration -->
  <testcase classname="testcases.Tc002_Verify_Account_Login" name="Verify_Login" time="1.398"/>
</testsuite> <!-- chromeBrowserTest -->
