<?xml version="1.0" encoding="UTF-8"?>
<!-- Generated by org.testng.reporters.JUnitXMLReporter -->
<testsuite ignored="0" hostname="DESKTOP-BQVK5ID" failures="0" tests="1" name="Test" time="0.101" errors="0" timestamp="2024-09-24T12:59:36 IST">
  <testcase classname="testbase.BaseClass" name="@BeforeClass setup" time="-1.727162976195E9">
    <failure type="org.testng.TestNGException" message="
Parameter &amp;apos;os&amp;apos; is required by BeforeClass on method setup but has not been marked @Optional or defined
in C:\Users\Admin\Desktop\Selenium\opencartApp\crossbrowser.xml">
      <![CDATA[org.testng.TestNGException: 
Parameter 'os' is required by BeforeClass on method setup but has not been marked @Optional or defined
in C:\Users\Admin\Desktop\Selenium\opencartApp\crossbrowser.xml
at java.base/java.util.ArrayList.forEach(ArrayList.java:1596)
... Removed 22 stack frames]]>
    </failure>
  </testcase> <!-- @BeforeClass setup -->
  <testcase classname="testbase.BaseClass" name="@AfterClass tearDown" time="0.0">
    <skipped/>
  </testcase> <!-- @AfterClass tearDown -->
  <testcase classname="testcases.Tc01_verify_Account_Registration" name="verify_Account_Registration" time="0.0">
    <skipped/>
  </testcase> <!-- verify_Account_Registration -->
</testsuite> <!-- Test -->
