<?xml version="1.0" encoding="UTF-8"?>
<testng-results ignored="0" total="2" passed="1" failed="1" skipped="0">
  <reporter-output>
  </reporter-output>
  <suite started-at="2024-09-29T17:28:08 IST" name="Suite" finished-at="2024-09-29T17:28:25 IST" duration-ms="17094">
    <groups>
      <group name="Master">
        <method signature="Tc001_verify_Account_Registration.verify_Account_Registration()[pri:0, instance:testcases.Tc001_verify_Account_Registration@f001896]" name="verify_Account_Registration" class="testcases.Tc001_verify_Account_Registration"/>
        <method signature="Tc002_Verify_Account_Login.Verify_Login()[pri:0, instance:testcases.Tc002_Verify_Account_Login@4bc28c33]" name="Verify_Login" class="testcases.Tc002_Verify_Account_Login"/>
      </group> <!-- Master -->
      <group name="Sanity">
        <method signature="Tc002_Verify_Account_Login.Verify_Login()[pri:0, instance:testcases.Tc002_Verify_Account_Login@4bc28c33]" name="Verify_Login" class="testcases.Tc002_Verify_Account_Login"/>
      </group> <!-- Sanity -->
      <group name="Regression">
        <method signature="Tc001_verify_Account_Registration.verify_Account_Registration()[pri:0, instance:testcases.Tc001_verify_Account_Registration@f001896]" name="verify_Account_Registration" class="testcases.Tc001_verify_Account_Registration"/>
      </group> <!-- Regression -->
    </groups>
    <test started-at="2024-09-29T17:28:08 IST" name="chromeBrowserTest" finished-at="2024-09-29T17:28:25 IST" duration-ms="17094">
      <class name="testcases.Tc001_verify_Account_Registration">
        <test-method is-config="true" signature="setup(java.lang.String,java.lang.String)[pri:0, instance:testcases.Tc001_verify_Account_Registration@f001896]" started-at="2024-09-29T17:28:08 IST" name="setup" finished-at="2024-09-29T17:28:11 IST" duration-ms="2766" status="PASS">
          <params>
            <param index="0">
              <value>
                <![CDATA[windows]]>
              </value>
            </param>
            <param index="1">
              <value>
                <![CDATA[chrome]]>
              </value>
            </param>
          </params>
          <reporter-output>
          </reporter-output>
        </test-method> <!-- setup -->
        <test-method signature="verify_Account_Registration()[pri:0, instance:testcases.Tc001_verify_Account_Registration@f001896]" started-at="2024-09-29T17:28:11 IST" name="verify_Account_Registration" finished-at="2024-09-29T17:28:21 IST" duration-ms="10039" status="FAIL">
          <exception class="java.lang.AssertionError">
            <full-stacktrace>
              <![CDATA[java.lang.AssertionError: 
at org.testng.AssertJUnit.fail(AssertJUnit.java:65)
at org.testng.AssertJUnit.assertTrue(AssertJUnit.java:23)
at org.testng.AssertJUnit.assertTrue(AssertJUnit.java:33)
at testcases.Tc001_verify_Account_Registration.verify_Account_Registration(Tc001_verify_Account_Registration.java:57)
at java.base/jdk.internal.reflect.DirectMethodHandleAccessor.invoke(DirectMethodHandleAccessor.java:103)
at java.base/java.lang.reflect.Method.invoke(Method.java:580)
at org.testng.internal.invokers.MethodInvocationHelper.invokeMethod(MethodInvocationHelper.java:141)
at org.testng.internal.invokers.TestInvoker.invokeMethod(TestInvoker.java:686)
at org.testng.internal.invokers.TestInvoker.invokeTestMethod(TestInvoker.java:230)
at org.testng.internal.invokers.MethodRunner.runInSequence(MethodRunner.java:63)
at org.testng.internal.invokers.TestInvoker$MethodInvocationAgent.invoke(TestInvoker.java:992)
at org.testng.internal.invokers.TestInvoker.invokeTestMethods(TestInvoker.java:203)
at org.testng.internal.invokers.TestMethodWorker.invokeTestMethods(TestMethodWorker.java:154)
at org.testng.internal.invokers.TestMethodWorker.run(TestMethodWorker.java:134)
at java.base/java.util.ArrayList.forEach(ArrayList.java:1596)
at org.testng.TestRunner.privateRun(TestRunner.java:739)
at org.testng.TestRunner.run(TestRunner.java:614)
at org.testng.SuiteRunner.runTest(SuiteRunner.java:421)
at org.testng.SuiteRunner.runSequentially(SuiteRunner.java:413)
at org.testng.SuiteRunner.privateRun(SuiteRunner.java:373)
at org.testng.SuiteRunner.run(SuiteRunner.java:312)
at org.testng.SuiteRunnerWorker.runSuite(SuiteRunnerWorker.java:52)
at org.testng.SuiteRunnerWorker.run(SuiteRunnerWorker.java:95)
at org.testng.TestNG.runSuitesSequentially(TestNG.java:1274)
at org.testng.TestNG.runSuitesLocally(TestNG.java:1208)
at org.testng.TestNG.runSuites(TestNG.java:1112)
at org.testng.TestNG.run(TestNG.java:1079)
at org.testng.remote.AbstractRemoteTestNG.run(AbstractRemoteTestNG.java:115)
at org.testng.remote.RemoteTestNG.initAndRun(RemoteTestNG.java:293)
at org.testng.remote.RemoteTestNG.main(RemoteTestNG.java:91)
]]>
            </full-stacktrace>
          </exception> <!-- java.lang.AssertionError -->
          <reporter-output>
          </reporter-output>
        </test-method> <!-- verify_Account_Registration -->
        <test-method is-config="true" signature="tearDown()[pri:0, instance:testcases.Tc001_verify_Account_Registration@f001896]" started-at="2024-09-29T17:28:21 IST" name="tearDown" finished-at="2024-09-29T17:28:21 IST" duration-ms="229" status="PASS">
          <reporter-output>
          </reporter-output>
        </test-method> <!-- tearDown -->
      </class> <!-- testcases.Tc001_verify_Account_Registration -->
      <class name="testcases.Tc002_Verify_Account_Login">
        <test-method is-config="true" signature="setup(java.lang.String,java.lang.String)[pri:0, instance:testcases.Tc002_Verify_Account_Login@4bc28c33]" started-at="2024-09-29T17:28:21 IST" name="setup" finished-at="2024-09-29T17:28:23 IST" duration-ms="1915" status="PASS">
          <params>
            <param index="0">
              <value>
                <![CDATA[windows]]>
              </value>
            </param>
            <param index="1">
              <value>
                <![CDATA[chrome]]>
              </value>
            </param>
          </params>
          <reporter-output>
          </reporter-output>
        </test-method> <!-- setup -->
        <test-method signature="Verify_Login()[pri:0, instance:testcases.Tc002_Verify_Account_Login@4bc28c33]" started-at="2024-09-29T17:28:23 IST" name="Verify_Login" finished-at="2024-09-29T17:28:24 IST" duration-ms="1398" status="PASS">
          <reporter-output>
          </reporter-output>
        </test-method> <!-- Verify_Login -->
        <test-method is-config="true" signature="tearDown()[pri:0, instance:testcases.Tc002_Verify_Account_Login@4bc28c33]" started-at="2024-09-29T17:28:24 IST" name="tearDown" finished-at="2024-09-29T17:28:25 IST" duration-ms="232" status="PASS">
          <reporter-output>
          </reporter-output>
        </test-method> <!-- tearDown -->
      </class> <!-- testcases.Tc002_Verify_Account_Login -->
    </test> <!-- chromeBrowserTest -->
  </suite> <!-- Suite -->
</testng-results>
